[2023-10-10 23:29:43] [WARNING]: {"status":201,"msg":"No need to refresh token in 30 minutes"}
[2023-10-10 23:29:49] [WARNING]: {"status":201,"msg":"No need to refresh token in 30 minutes"}
[2023-10-10 23:30:16] [WARNING]: {"status":201,"msg":"No need to refresh token in 30 minutes"}
[2023-10-10 23:36:11] [WARNING]: {"status":201,"msg":"No need to refresh token in 30 minutes"}
[2023-10-10 23:37:32] [INFO]: "Success fully update password =)"
[2023-10-10 23:37:32] [INFO]: {"authToken":"3d666a74-21f4-4bb6-9a23-9c4d1651dbef"}
[2023-10-10 23:38:15] [WARNING]: {"status":201,"msg":"No need to refresh token in 30 minutes"}
[2023-10-10 23:38:30] [WARNING]: {"status":201,"msg":"No need to refresh token in 30 minutes"}
[2023-10-10 23:38:34] [WARNING]: {"status":201,"msg":"No need to refresh token in 30 minutes"}
[2023-10-10 23:38:57] [WARNING]: {"status":201,"msg":"No need to refresh token in 30 minutes"}
[2023-10-10 23:39:36] [WARNING]: {"status":201,"msg":"No need to refresh token in 30 minutes"}
[2023-10-10 23:40:18] [WARNING]: {"status":201,"msg":"No need to refresh token in 30 minutes"}
[2023-10-10 23:40:51] [WARNING]: {"status":201,"msg":"No need to refresh token in 30 minutes"}
[2023-10-10 23:40:58] [WARNING]: {"status":201,"msg":"No need to refresh token in 30 minutes"}
[2023-10-10 23:41:03] [WARNING]: {"status":201,"msg":"No need to refresh token in 30 minutes"}
[2023-10-10 23:41:10] [WARNING]: {"status":201,"msg":"No need to refresh token in 30 minutes"}
[2023-10-10 23:42:18] [WARNING]: {"status":201,"msg":"No need to refresh token in 30 minutes"}
[2023-10-10 23:43:31] [WARNING]: {"status":201,"msg":"No need to refresh token in 30 minutes"}
[2023-10-10 23:43:48] [WARNING]: {"status":201,"msg":"No need to refresh token in 30 minutes"}
[2023-10-10 23:43:50] [WARNING]: {"status":201,"msg":"No need to refresh token in 30 minutes"}
[2023-10-10 23:44:15] [WARNING]: {"status":201,"msg":"No need to refresh token in 30 minutes"}
[2023-10-10 23:44:54] [WARNING]: {"status":201,"msg":"No need to refresh token in 30 minutes"}
[2023-10-10 23:44:57] [WARNING]: {"status":201,"msg":"No need to refresh token in 30 minutes"}
[2023-10-10 23:45:03] [WARNING]: {"status":201,"msg":"No need to refresh token in 30 minutes"}
[2023-10-10 23:45:07] [WARNING]: {"status":201,"msg":"No need to refresh token in 30 minutes"}
[2023-10-10 23:52:32] [WARNING]: {"status":201,"msg":"No need to refresh token in 30 minutes"}
[2023-10-10 23:52:35] [WARNING]: {"status":201,"msg":"No need to refresh token in 30 minutes"}
[2023-10-11 00:15:01] [INFO]: "Success fully update password =)"
[2023-10-11 00:15:01] [INFO]: {"authToken":"10ce2c92-0472-4f69-b036-7f010dba565h"}
[2023-10-11 00:16:11] [WARNING]: {"status":201,"msg":"No need to refresh token in 30 minutes"}
[2023-10-11 00:16:25] [WARNING]: {"status":201,"msg":"No need to refresh token in 30 minutes"}
[2023-10-11 00:16:31] [WARNING]: {"status":201,"msg":"No need to refresh token in 30 minutes"}
[2023-10-11 00:16:35] [WARNING]: {"status":201,"msg":"No need to refresh token in 30 minutes"}
[2023-10-11 00:18:00] [WARNING]: {"status":201,"msg":"No need to refresh token in 30 minutes"}
[2023-10-11 00:18:24] [WARNING]: {"status":201,"msg":"No need to refresh token in 30 minutes"}
[2023-10-11 00:18:32] [WARNING]: {"status":201,"msg":"No need to refresh token in 30 minutes"}
[2023-10-11 01:14:01] [INFO]: "Success fully update password =)"
[2023-10-11 01:14:01] [INFO]: {"authToken":"20c21a99-3732-434a-b264-4a6915c1372q"}
[2023-10-11 01:14:38] [INFO]: "Success fully update password =)"
[2023-10-11 01:14:38] [INFO]: {"authToken":"510dcdcf-3ff4-4a59-96b5-570af98587ad"}
[2023-10-11 01:14:43] [WARNING]: {"status":201,"msg":"No need to refresh token in 30 minutes"}
[2023-10-11 01:14:48] [WARNING]: {"status":201,"msg":"No need to refresh token in 30 minutes"}
[2023-10-11 01:15:40] [WARNING]: {"status":201,"msg":"No need to refresh token in 30 minutes"}
[2023-10-11 01:16:14] [WARNING]: {"status":201,"msg":"No need to refresh token in 30 minutes"}
[2023-10-11 01:16:47] [WARNING]: {"status":201,"msg":"No need to refresh token in 30 minutes"}
[2023-10-23 15:54:10] [INFO]: {"errorId":"g-11a41709-8b6c-42ee-a520-8bb087e2fa2d","errors":[{"code":"UNAUTHORIZED","message":"You are not authorized."}]}
[2023-10-23 15:54:46] [INFO]: {"errorId":"g-08c36ffc-2cb6-4f5e-bee9-bf57691c057b","errors":[{"code":"UNAUTHORIZED","message":"You are not authorized."}]}
[2023-10-23 22:37:07] [INFO]: "Success fully update password =)"
[2023-10-23 22:37:07] [INFO]: {"authToken":"f9caf54c-2d3f-4c71-a263-4de0e78a085l"}
[2023-10-23 22:37:16] [WARNING]: {"status":201,"msg":"No need to refresh token in 30 minutes"}
[2023-10-23 22:37:18] [WARNING]: {"status":201,"msg":"No need to refresh token in 30 minutes"}
[2023-10-23 22:37:21] [WARNING]: {"status":201,"msg":"No need to refresh token in 30 minutes"}
[2023-10-23 22:38:37] [WARNING]: {"status":201,"msg":"No need to refresh token in 30 minutes"}
[2023-10-23 22:39:56] [WARNING]: {"status":201,"msg":"No need to refresh token in 30 minutes"}
[2023-10-23 22:41:39] [WARNING]: {"status":201,"msg":"No need to refresh token in 30 minutes"}
[2023-10-23 22:42:48] [WARNING]: {"status":201,"msg":"No need to refresh token in 30 minutes"}
